build/app/intermediates/manifest_merge_blame_file/release/manifest-merger-blame-release-report.txt
1<?xml version="1.0" encoding="utf-8"?>
2<manifest xmlns:android="http://schemas.android.com/apk/res/android"
3    package="com.example.radio_ga"
4    android:versionCode="1"
5    android:versionName="1.0.0" >
6
7    <uses-sdk
8        android:minSdkVersion="21"
8-->src/main/AndroidManifest.xml
9        android:targetSdkVersion="31" />
9-->src/main/AndroidManifest.xml
10
11    <uses-permission android:name="android.permission.INTERNET" />
11-->src/main/AndroidManifest.xml:3:5-66
11-->src/main/AndroidManifest.xml:3:22-64
12    <uses-permission android:name="android.permission.WAKE_LOCK" />
12-->src/main/AndroidManifest.xml:4:6-68
12-->src/main/AndroidManifest.xml:4:23-66
13    <uses-permission android:name="android.permission.FOREGROUND_SERVICE" />
13-->src/main/AndroidManifest.xml:5:5-76
13-->src/main/AndroidManifest.xml:5:22-74
14    <!-- required for API 18 - 30 -->
15    <uses-permission
15-->[:reactive_ble_mobile] AndroidManifest.xml:10:5-12:38
16        android:name="android.permission.BLUETOOTH"
16-->[:reactive_ble_mobile] AndroidManifest.xml:11:9-52
17        android:maxSdkVersion="30" />
17-->[:reactive_ble_mobile] AndroidManifest.xml:12:9-35
18    <uses-permission
18-->[:reactive_ble_mobile] AndroidManifest.xml:13:5-15:38
19        android:name="android.permission.BLUETOOTH_ADMIN"
19-->[:reactive_ble_mobile] AndroidManifest.xml:14:9-58
20        android:maxSdkVersion="30" />
20-->[:reactive_ble_mobile] AndroidManifest.xml:15:9-35
21    <uses-permission android:name="android.permission.ACCESS_NETWORK_STATE" /> <!-- required for API 23 - 30, no android:maxSdkVersion because of a potential breaking change -->
21-->[com.google.android.exoplayer:exoplayer-core:2.18.1] AndroidManifest.xml:24:5-79
21-->[com.google.android.exoplayer:exoplayer-core:2.18.1] AndroidManifest.xml:24:22-76
22    <!-- TODO: add android:maxSdkVersion on 2.0.0 -->
23    <uses-permission-sdk-23 android:name="android.permission.ACCESS_COARSE_LOCATION" />
23-->[com.polidea.rxandroidble2:rxandroidble:1.16.0] AndroidManifest.xml:18:5-88
23-->[com.polidea.rxandroidble2:rxandroidble:1.16.0] AndroidManifest.xml:18:29-85
24    <uses-permission-sdk-23 android:name="android.permission.ACCESS_FINE_LOCATION" /> <!-- API 31+ -->
24-->[com.polidea.rxandroidble2:rxandroidble:1.16.0] AndroidManifest.xml:19:5-86
24-->[com.polidea.rxandroidble2:rxandroidble:1.16.0] AndroidManifest.xml:19:29-83
25    <uses-permission android:name="android.permission.BLUETOOTH_CONNECT" />
25-->[com.polidea.rxandroidble2:rxandroidble:1.16.0] AndroidManifest.xml:21:5-76
25-->[com.polidea.rxandroidble2:rxandroidble:1.16.0] AndroidManifest.xml:21:22-73
26    <uses-permission
26-->[com.polidea.rxandroidble2:rxandroidble:1.16.0] AndroidManifest.xml:22:5-25:31
27        android:name="android.permission.BLUETOOTH_SCAN"
27-->[com.polidea.rxandroidble2:rxandroidble:1.16.0] AndroidManifest.xml:23:9-57
28        android:usesPermissionFlags="neverForLocation" />
28-->[com.polidea.rxandroidble2:rxandroidble:1.16.0] AndroidManifest.xml:24:9-55
29
30    <queries>
30-->[androidx.media2:media2-session:1.2.0] AndroidManifest.xml:24:5-34:15
31        <intent>
31-->[androidx.media2:media2-session:1.2.0] AndroidManifest.xml:25:9-27:18
32            <action android:name="android.media.browse.MediaBrowserService" />
32-->src/main/AndroidManifest.xml:36:9-75
32-->src/main/AndroidManifest.xml:36:17-72
33        </intent>
34        <intent>
34-->[androidx.media2:media2-session:1.2.0] AndroidManifest.xml:28:9-30:18
35            <action android:name="androidx.media2.session.MediaSessionService" />
35-->[androidx.media2:media2-session:1.2.0] AndroidManifest.xml:29:13-82
35-->[androidx.media2:media2-session:1.2.0] AndroidManifest.xml:29:21-79
36        </intent>
37        <intent>
37-->[androidx.media2:media2-session:1.2.0] AndroidManifest.xml:31:9-33:18
38            <action android:name="androidx.media2.session.MediaLibraryService" />
38-->[androidx.media2:media2-session:1.2.0] AndroidManifest.xml:32:13-82
38-->[androidx.media2:media2-session:1.2.0] AndroidManifest.xml:32:21-79
39        </intent>
40    </queries>
41
42    <application
43        android:name="android.app.Application"
43-->src/main/AndroidManifest.xml:8:9-42
44        android:appComponentFactory="androidx.core.app.CoreComponentFactory"
44-->[androidx.core:core:1.7.0] AndroidManifest.xml:24:18-86
45        android:icon="@mipmap/ic_launcher"
45-->src/main/AndroidManifest.xml:9:9-43
46        android:label="radio_ga"
46-->src/main/AndroidManifest.xml:7:9-33
47        android:usesCleartextTraffic="true" >
47-->src/main/AndroidManifest.xml:10:9-44
48        <activity
48-->src/main/AndroidManifest.xml:11:9-31:20
49            android:name="com.ryanheise.audioservice.AudioServiceActivity"
49-->src/main/AndroidManifest.xml:12:13-75
50            android:configChanges="orientation|keyboardHidden|keyboard|screenSize|smallestScreenSize|locale|layoutDirection|fontScale|screenLayout|density|uiMode"
50-->src/main/AndroidManifest.xml:16:13-163
51            android:exported="true"
51-->src/main/AndroidManifest.xml:13:13-36
52            android:hardwareAccelerated="true"
52-->src/main/AndroidManifest.xml:17:13-47
53            android:launchMode="singleTop"
53-->src/main/AndroidManifest.xml:14:13-43
54            android:theme="@style/LaunchTheme"
54-->src/main/AndroidManifest.xml:15:13-47
55            android:windowSoftInputMode="adjustResize" >
55-->src/main/AndroidManifest.xml:18:13-55
56
57            <!--
58                 Specifies an Android theme to apply to this Activity as soon as
59                 the Android process has started. This theme is visible to the user
60                 while the Flutter UI initializes. After that, this theme continues
61                 to determine the Window background behind the Flutter UI.
62            -->
63            <meta-data
63-->src/main/AndroidManifest.xml:23:13-26:17
64                android:name="io.flutter.embedding.android.NormalTheme"
64-->src/main/AndroidManifest.xml:24:15-70
65                android:resource="@style/NormalTheme" />
65-->src/main/AndroidManifest.xml:25:15-52
66
67            <intent-filter>
67-->src/main/AndroidManifest.xml:27:13-30:29
68                <action android:name="android.intent.action.MAIN" />
68-->src/main/AndroidManifest.xml:28:17-68
68-->src/main/AndroidManifest.xml:28:25-66
69
70                <category android:name="android.intent.category.LAUNCHER" />
70-->src/main/AndroidManifest.xml:29:17-76
70-->src/main/AndroidManifest.xml:29:27-74
71            </intent-filter>
72        </activity>
73
74        <service
74-->src/main/AndroidManifest.xml:32:13-38:15
75            android:name="com.ryanheise.audioservice.AudioService"
75-->src/main/AndroidManifest.xml:32:22-76
76            android:exported="true"
76-->src/main/AndroidManifest.xml:34:9-32
77            android:foregroundServiceType="mediaPlayback" >
77-->src/main/AndroidManifest.xml:33:9-54
78            <intent-filter>
78-->src/main/AndroidManifest.xml:35:7-37:23
79                <action android:name="android.media.browse.MediaBrowserService" />
79-->src/main/AndroidManifest.xml:36:9-75
79-->src/main/AndroidManifest.xml:36:17-72
80            </intent-filter>
81        </service>
82
83        <receiver
83-->src/main/AndroidManifest.xml:39:9-44:16
84            android:name="com.ryanheise.audioservice.MediaButtonReceiver"
84-->src/main/AndroidManifest.xml:39:19-80
85            android:exported="true" >
85-->src/main/AndroidManifest.xml:40:9-32
86            <intent-filter>
86-->src/main/AndroidManifest.xml:41:7-43:23
87                <action android:name="android.intent.action.MEDIA_BUTTON" />
87-->src/main/AndroidManifest.xml:42:9-69
87-->src/main/AndroidManifest.xml:42:17-66
88            </intent-filter>
89        </receiver>
90        <!--
91             Don't delete the meta-data below.
92             This is used by the Flutter tool to generate GeneratedPluginRegistrant.java
93        -->
94        <meta-data
94-->src/main/AndroidManifest.xml:47:9-49:33
95            android:name="flutterEmbedding"
95-->src/main/AndroidManifest.xml:48:13-44
96            android:value="2" />
96-->src/main/AndroidManifest.xml:49:13-30
97
98        <uses-library
98-->[androidx.window:window:1.0.0-beta04] AndroidManifest.xml:25:9-27:40
99            android:name="androidx.window.extensions"
99-->[androidx.window:window:1.0.0-beta04] AndroidManifest.xml:26:13-54
100            android:required="false" />
100-->[androidx.window:window:1.0.0-beta04] AndroidManifest.xml:27:13-37
101        <uses-library
101-->[androidx.window:window:1.0.0-beta04] AndroidManifest.xml:28:9-30:40
102            android:name="androidx.window.sidecar"
102-->[androidx.window:window:1.0.0-beta04] AndroidManifest.xml:29:13-51
103            android:required="false" />
103-->[androidx.window:window:1.0.0-beta04] AndroidManifest.xml:30:13-37
104    </application>
105
106</manifest>